su: ignoring --preserve-environment, it's mutually exclusive with --login

Attaching package: ‘shinydashboard’

The following object is masked from ‘package:graphics’:

    box

Loading required package: tidyverse
── Attaching packages ─────────────────────────────────────── tidyverse 1.3.0 ──
✔ ggplot2 3.3.0     ✔ purrr   0.3.4
✔ tibble  3.0.1     ✔ dplyr   0.8.5
✔ tidyr   1.0.3     ✔ stringr 1.4.0
✔ readr   1.3.1     ✔ forcats 0.5.0
── Conflicts ────────────────────────────────────────── tidyverse_conflicts() ──
✖ dplyr::filter() masks stats::filter()
✖ dplyr::lag()    masks stats::lag()
Loading required package: reticulate
Loading required package: RPostgres
Loading required package: DBI
Loading required package: glue

Attaching package: ‘glue’

The following object is masked from ‘package:dplyr’:

    collapse

Loading required package: fs
Loading required package: dbplyr

Attaching package: ‘dbplyr’

The following objects are masked from ‘package:dplyr’:

    ident, sql

Loading required package: rvest
Loading required package: xml2

Attaching package: ‘rvest’

The following object is masked from ‘package:purrr’:

    pluck

The following object is masked from ‘package:readr’:

    guess_encoding

Loading required package: lubridate

Attaching package: ‘lubridate’

The following objects are masked from ‘package:dplyr’:

    intersect, setdiff, union

The following objects are masked from ‘package:base’:

    date, intersect, setdiff, union

Loading required package: tidytext
Loading required package: jsonlite

Attaching package: ‘jsonlite’

The following object is masked from ‘package:purrr’:

    flatten

The following object is masked from ‘package:shiny’:

    validate

Loading required package: tictoc
Loading required package: elasticsearchr

Attaching package: ‘scales’

The following object is masked from ‘package:purrr’:

    discard

The following object is masked from ‘package:readr’:

    col_factor

First attempt at connection

Listening on http://127.0.0.1:36209
First attempt at connection
Applying predicate on the first 100 rows
First attempt at connection
Applying predicate on the first 100 rows
First attempt at connection
First attempt at connection
Applying predicate on the first 100 rows
Warning: Error in : Failed to prepare query: ERROR:  relation "public.as" does not exist
LINE 2: FROM public. AS "zzz3"
             ^

  207: base$onError
  206: base$onError
  205: base$onError
  204: base$onError
  203: base$onError
  202: base$onError
  201: base$onError
  200: base$onError
  199: base$onError
  198: base$onError
  197: base$onError
  196: base$onError
  195: base$onError
  194: base$onError
  193: base$onError
  192: base$onError
  191: domain$onError
  190: promiseDomain$onError
  189: <Anonymous>
From earlier call:
  176: base$wrapOnRejected
  175: base$wrapOnRejected
  174: base$wrapOnRejected
  173: base$wrapOnRejected
  172: base$wrapOnRejected
  171: base$wrapOnRejected
  170: base$wrapOnRejected
  169: base$wrapOnRejected
  168: base$wrapOnRejected
  167: base$wrapOnRejected
  166: base$wrapOnRejected
  165: base$wrapOnRejected
  164: base$wrapOnRejected
  163: base$wrapOnRejected
  162: domain$wrapOnRejected
  161: promiseDomain$onThen
  160: action
  153: promise
  152: self$then
  151: promise$finally
  150: promises::finally
  149: do
  148: promise_chain
  139: do
  138: hybrid_chain
  125: drawPlot
  111: <reactive:plotObj>
   95: drawReactive
   82: origRenderFunc
   81: output$all_time_comments
    1: runApp
Warning: Error in : Invalid period name: stream_submissions_all
  207: base$onError
  206: base$onError
  205: base$onError
  204: base$onError
  203: base$onError
  202: base$onError
  201: base$onError
  200: base$onError
  199: base$onError
  198: base$onError
  197: base$onError
  196: base$onError
  195: base$onError
  194: base$onError
  193: base$onError
  192: base$onError
  191: domain$onError
  190: promiseDomain$onError
  189: <Anonymous>
From earlier call:
  176: base$wrapOnRejected
  175: base$wrapOnRejected
  174: base$wrapOnRejected
  173: base$wrapOnRejected
  172: base$wrapOnRejected
  171: base$wrapOnRejected
  170: base$wrapOnRejected
  169: base$wrapOnRejected
  168: base$wrapOnRejected
  167: base$wrapOnRejected
  166: base$wrapOnRejected
  165: base$wrapOnRejected
  164: base$wrapOnRejected
  163: base$wrapOnRejected
  162: domain$wrapOnRejected
  161: promiseDomain$onThen
  160: action
  153: promise
  152: self$then
  151: promise$finally
  150: promises::finally
  149: do
  148: promise_chain
  139: do
  138: hybrid_chain
  125: drawPlot
  111: <reactive:plotObj>
   95: drawReactive
   82: origRenderFunc
   81: output$all_time_submissions
    1: runApp

