su: ignoring --preserve-environment, it's mutually exclusive with --login

Attaching package: ‘shinydashboard’

The following object is masked from ‘package:graphics’:

    box

Loading required package: tidyverse
── Attaching packages ─────────────────────────────────────── tidyverse 1.3.0 ──
✔ ggplot2 3.3.0     ✔ purrr   0.3.4
✔ tibble  3.0.1     ✔ dplyr   0.8.5
✔ tidyr   1.0.3     ✔ stringr 1.4.0
✔ readr   1.3.1     ✔ forcats 0.5.0
── Conflicts ────────────────────────────────────────── tidyverse_conflicts() ──
✖ dplyr::filter() masks stats::filter()
✖ dplyr::lag()    masks stats::lag()
Loading required package: reticulate
Loading required package: RPostgres
Loading required package: DBI
Loading required package: glue

Attaching package: ‘glue’

The following object is masked from ‘package:dplyr’:

    collapse

Loading required package: fs
Loading required package: dbplyr

Attaching package: ‘dbplyr’

The following objects are masked from ‘package:dplyr’:

    ident, sql

Loading required package: rvest
Loading required package: xml2

Attaching package: ‘rvest’

The following object is masked from ‘package:purrr’:

    pluck

The following object is masked from ‘package:readr’:

    guess_encoding

Loading required package: lubridate

Attaching package: ‘lubridate’

The following objects are masked from ‘package:dplyr’:

    intersect, setdiff, union

The following objects are masked from ‘package:base’:

    date, intersect, setdiff, union

Loading required package: tidytext
Loading required package: jsonlite

Attaching package: ‘jsonlite’

The following object is masked from ‘package:purrr’:

    flatten

The following object is masked from ‘package:shiny’:

    validate

Loading required package: tictoc
Loading required package: elasticsearchr

Attaching package: ‘scales’

The following object is masked from ‘package:purrr’:

    discard

The following object is masked from ‘package:readr’:

    col_factor

First attempt at connection
Error : could not connect to server: Connection refused
	Is the server running on host "192.168.0.52" and accepting
	TCP/IP connections on port 5432?

Trying to connect: try 2
Error : could not connect to server: Connection refused
	Is the server running on host "192.168.0.52" and accepting
	TCP/IP connections on port 5432?

Trying to connect: try 3
Error : could not connect to server: Connection refused
	Is the server running on host "192.168.0.52" and accepting
	TCP/IP connections on port 5432?

Trying to connect: try 4
Error : could not connect to server: Connection refused
	Is the server running on host "192.168.0.52" and accepting
	TCP/IP connections on port 5432?

Trying to connect: try 5
Error : could not connect to server: Connection refused
	Is the server running on host "192.168.0.52" and accepting
	TCP/IP connections on port 5432?

Trying to connect: try 6
Error : could not connect to server: Connection refused
	Is the server running on host "192.168.0.52" and accepting
	TCP/IP connections on port 5432?

Trying to connect: try 7
Error : could not connect to server: Connection refused
	Is the server running on host "192.168.0.52" and accepting
	TCP/IP connections on port 5432?

Trying to connect: try 8
Error : could not connect to server: Connection refused
	Is the server running on host "192.168.0.52" and accepting
	TCP/IP connections on port 5432?

Trying to connect: try 9
Error : could not connect to server: Connection refused
	Is the server running on host "192.168.0.52" and accepting
	TCP/IP connections on port 5432?

Trying to connect: try 10
Error : could not connect to server: Connection refused
	Is the server running on host "192.168.0.52" and accepting
	TCP/IP connections on port 5432?

Trying to connect: try 11
Error : could not connect to server: Connection refused
	Is the server running on host "192.168.0.52" and accepting
	TCP/IP connections on port 5432?

Trying to connect: try 12
Error : could not connect to server: Connection refused
	Is the server running on host "192.168.0.52" and accepting
	TCP/IP connections on port 5432?

Trying to connect: try 13
Error : could not connect to server: Connection refused
	Is the server running on host "192.168.0.52" and accepting
	TCP/IP connections on port 5432?

Trying to connect: try 14
Error : could not connect to server: Connection refused
	Is the server running on host "192.168.0.52" and accepting
	TCP/IP connections on port 5432?

Trying to connect: try 15
Error : could not connect to server: Connection refused
	Is the server running on host "192.168.0.52" and accepting
	TCP/IP connections on port 5432?

Trying to connect: try 16
Error : could not connect to server: Connection refused
	Is the server running on host "192.168.0.52" and accepting
	TCP/IP connections on port 5432?

Trying to connect: try 17
Error : could not connect to server: Connection refused
	Is the server running on host "192.168.0.52" and accepting
	TCP/IP connections on port 5432?

Trying to connect: try 18
Error : could not connect to server: Connection refused
	Is the server running on host "192.168.0.52" and accepting
	TCP/IP connections on port 5432?

Trying to connect: try 19
Error : could not connect to server: Connection refused
	Is the server running on host "192.168.0.52" and accepting
	TCP/IP connections on port 5432?

Trying to connect: try 20
Error : could not connect to server: Connection refused
	Is the server running on host "192.168.0.52" and accepting
	TCP/IP connections on port 5432?

Trying to connect: try 21
Error : could not connect to server: Connection refused
	Is the server running on host "192.168.0.52" and accepting
	TCP/IP connections on port 5432?

Trying to connect: try 22
Error : could not connect to server: Connection refused
	Is the server running on host "192.168.0.52" and accepting
	TCP/IP connections on port 5432?

Trying to connect: try 23
Error : could not connect to server: Connection refused
	Is the server running on host "192.168.0.52" and accepting
	TCP/IP connections on port 5432?

Trying to connect: try 24
Error : could not connect to server: Connection refused
	Is the server running on host "192.168.0.52" and accepting
	TCP/IP connections on port 5432?

Trying to connect: try 25
Error : could not connect to server: Connection refused
	Is the server running on host "192.168.0.52" and accepting
	TCP/IP connections on port 5432?

Trying to connect: try 26
Error : could not connect to server: Connection refused
	Is the server running on host "192.168.0.52" and accepting
	TCP/IP connections on port 5432?

Trying to connect: try 27
Error : could not connect to server: Connection refused
	Is the server running on host "192.168.0.52" and accepting
	TCP/IP connections on port 5432?

Trying to connect: try 28
Error : could not connect to server: Connection refused
	Is the server running on host "192.168.0.52" and accepting
	TCP/IP connections on port 5432?

Trying to connect: try 29
Error : could not connect to server: Connection refused
	Is the server running on host "192.168.0.52" and accepting
	TCP/IP connections on port 5432?

Trying to connect: try 30
Error : could not connect to server: Connection refused
	Is the server running on host "192.168.0.52" and accepting
	TCP/IP connections on port 5432?

Trying to connect: try 31
Error : could not connect to server: Connection refused
	Is the server running on host "192.168.0.52" and accepting
	TCP/IP connections on port 5432?

Trying to connect: try 32
Error : could not connect to server: Connection refused
	Is the server running on host "192.168.0.52" and accepting
	TCP/IP connections on port 5432?

Trying to connect: try 33
Error : could not connect to server: Connection refused
	Is the server running on host "192.168.0.52" and accepting
	TCP/IP connections on port 5432?

Trying to connect: try 34
Error : could not connect to server: Connection refused
	Is the server running on host "192.168.0.52" and accepting
	TCP/IP connections on port 5432?

Trying to connect: try 35
Error : could not connect to server: Connection refused
	Is the server running on host "192.168.0.52" and accepting
	TCP/IP connections on port 5432?

Trying to connect: try 36
Error : could not connect to server: Connection refused
	Is the server running on host "192.168.0.52" and accepting
	TCP/IP connections on port 5432?

Trying to connect: try 37
Error : could not connect to server: Connection refused
	Is the server running on host "192.168.0.52" and accepting
	TCP/IP connections on port 5432?

Trying to connect: try 38
Error : could not connect to server: Connection refused
	Is the server running on host "192.168.0.52" and accepting
	TCP/IP connections on port 5432?

Trying to connect: try 39
Error : could not connect to server: Connection refused
	Is the server running on host "192.168.0.52" and accepting
	TCP/IP connections on port 5432?

Trying to connect: try 40
Error : could not connect to server: Connection refused
	Is the server running on host "192.168.0.52" and accepting
	TCP/IP connections on port 5432?

Trying to connect: try 41
Error : could not connect to server: Connection refused
	Is the server running on host "192.168.0.52" and accepting
	TCP/IP connections on port 5432?

Trying to connect: try 42
Error : could not connect to server: Connection refused
	Is the server running on host "192.168.0.52" and accepting
	TCP/IP connections on port 5432?

Trying to connect: try 43
Error : could not connect to server: Connection refused
	Is the server running on host "192.168.0.52" and accepting
	TCP/IP connections on port 5432?

Trying to connect: try 44
Error : could not connect to server: Connection refused
	Is the server running on host "192.168.0.52" and accepting
	TCP/IP connections on port 5432?

Trying to connect: try 45
Error : could not connect to server: Connection refused
	Is the server running on host "192.168.0.52" and accepting
	TCP/IP connections on port 5432?

Trying to connect: try 46
Error : could not connect to server: Connection refused
	Is the server running on host "192.168.0.52" and accepting
	TCP/IP connections on port 5432?

Trying to connect: try 47
Error : could not connect to server: Connection refused
	Is the server running on host "192.168.0.52" and accepting
	TCP/IP connections on port 5432?

Trying to connect: try 48
Error : could not connect to server: Connection refused
	Is the server running on host "192.168.0.52" and accepting
	TCP/IP connections on port 5432?

Trying to connect: try 49
Error : could not connect to server: Connection refused
	Is the server running on host "192.168.0.52" and accepting
	TCP/IP connections on port 5432?

Trying to connect: try 50
Error : could not connect to server: Connection refused
	Is the server running on host "192.168.0.52" and accepting
	TCP/IP connections on port 5432?

Trying to connect: try 51
Error : could not connect to server: Connection refused
	Is the server running on host "192.168.0.52" and accepting
	TCP/IP connections on port 5432?

Trying to connect: try 52
Error : could not connect to server: Connection refused
	Is the server running on host "192.168.0.52" and accepting
	TCP/IP connections on port 5432?

Trying to connect: try 53
Error : could not connect to server: Connection refused
	Is the server running on host "192.168.0.52" and accepting
	TCP/IP connections on port 5432?

Trying to connect: try 54
Error : could not connect to server: Connection refused
	Is the server running on host "192.168.0.52" and accepting
	TCP/IP connections on port 5432?

Trying to connect: try 55
Error : could not connect to server: Connection refused
	Is the server running on host "192.168.0.52" and accepting
	TCP/IP connections on port 5432?

Trying to connect: try 56
Error : could not connect to server: Connection refused
	Is the server running on host "192.168.0.52" and accepting
	TCP/IP connections on port 5432?

Trying to connect: try 57
Error : could not connect to server: Connection refused
	Is the server running on host "192.168.0.52" and accepting
	TCP/IP connections on port 5432?

Trying to connect: try 58
Error : could not connect to server: Connection refused
	Is the server running on host "192.168.0.52" and accepting
	TCP/IP connections on port 5432?

Trying to connect: try 59
Error : could not connect to server: Connection refused
	Is the server running on host "192.168.0.52" and accepting
	TCP/IP connections on port 5432?

Trying to connect: try 60
Error : could not connect to server: Connection refused
	Is the server running on host "192.168.0.52" and accepting
	TCP/IP connections on port 5432?

Trying to connect: try 61
Error : could not connect to server: Connection refused
	Is the server running on host "192.168.0.52" and accepting
	TCP/IP connections on port 5432?

Trying to connect: try 62
Error : could not connect to server: Connection refused
	Is the server running on host "192.168.0.52" and accepting
	TCP/IP connections on port 5432?

Trying to connect: try 63
Error : could not connect to server: Connection refused
	Is the server running on host "192.168.0.52" and accepting
	TCP/IP connections on port 5432?

Trying to connect: try 64
Error : could not connect to server: Connection refused
	Is the server running on host "192.168.0.52" and accepting
	TCP/IP connections on port 5432?

Trying to connect: try 65
Error : could not connect to server: Connection refused
	Is the server running on host "192.168.0.52" and accepting
	TCP/IP connections on port 5432?

Trying to connect: try 66
Error : could not connect to server: Connection refused
	Is the server running on host "192.168.0.52" and accepting
	TCP/IP connections on port 5432?

Trying to connect: try 67
Error : could not connect to server: Connection refused
	Is the server running on host "192.168.0.52" and accepting
	TCP/IP connections on port 5432?

Trying to connect: try 68
Error : could not connect to server: Connection refused
	Is the server running on host "192.168.0.52" and accepting
	TCP/IP connections on port 5432?

Trying to connect: try 69
Error : could not connect to server: Connection refused
	Is the server running on host "192.168.0.52" and accepting
	TCP/IP connections on port 5432?

Trying to connect: try 70
Error : could not connect to server: Connection refused
	Is the server running on host "192.168.0.52" and accepting
	TCP/IP connections on port 5432?

Trying to connect: try 71
Error : could not connect to server: Connection refused
	Is the server running on host "192.168.0.52" and accepting
	TCP/IP connections on port 5432?

Trying to connect: try 72
Error : could not connect to server: Connection refused
	Is the server running on host "192.168.0.52" and accepting
	TCP/IP connections on port 5432?

Trying to connect: try 73
Error : could not connect to server: Connection refused
	Is the server running on host "192.168.0.52" and accepting
	TCP/IP connections on port 5432?

Trying to connect: try 74
Error : could not connect to server: Connection refused
	Is the server running on host "192.168.0.52" and accepting
	TCP/IP connections on port 5432?

Trying to connect: try 75
Error : could not connect to server: Connection refused
	Is the server running on host "192.168.0.52" and accepting
	TCP/IP connections on port 5432?

Trying to connect: try 76
Error : could not connect to server: Connection refused
	Is the server running on host "192.168.0.52" and accepting
	TCP/IP connections on port 5432?

Trying to connect: try 77
Error : could not connect to server: Connection refused
	Is the server running on host "192.168.0.52" and accepting
	TCP/IP connections on port 5432?

Trying to connect: try 78
Error : could not connect to server: Connection refused
	Is the server running on host "192.168.0.52" and accepting
	TCP/IP connections on port 5432?

Trying to connect: try 79
Error : could not connect to server: Connection refused
	Is the server running on host "192.168.0.52" and accepting
	TCP/IP connections on port 5432?

Trying to connect: try 80
Error : could not connect to server: Connection refused
	Is the server running on host "192.168.0.52" and accepting
	TCP/IP connections on port 5432?

Trying to connect: try 81
Error : could not connect to server: Connection refused
	Is the server running on host "192.168.0.52" and accepting
	TCP/IP connections on port 5432?

Trying to connect: try 82
Error : could not connect to server: Connection refused
	Is the server running on host "192.168.0.52" and accepting
	TCP/IP connections on port 5432?

Trying to connect: try 83
Error : could not connect to server: Connection refused
	Is the server running on host "192.168.0.52" and accepting
	TCP/IP connections on port 5432?

Trying to connect: try 84
Error : could not connect to server: Connection refused
	Is the server running on host "192.168.0.52" and accepting
	TCP/IP connections on port 5432?

Trying to connect: try 85
Error : could not connect to server: Connection refused
	Is the server running on host "192.168.0.52" and accepting
	TCP/IP connections on port 5432?

Trying to connect: try 86
Error : could not connect to server: Connection refused
	Is the server running on host "192.168.0.52" and accepting
	TCP/IP connections on port 5432?

Trying to connect: try 87
Error : could not connect to server: Connection refused
	Is the server running on host "192.168.0.52" and accepting
	TCP/IP connections on port 5432?

Trying to connect: try 88
Error : could not connect to server: Connection refused
	Is the server running on host "192.168.0.52" and accepting
	TCP/IP connections on port 5432?

Trying to connect: try 89
Error : could not connect to server: Connection refused
	Is the server running on host "192.168.0.52" and accepting
	TCP/IP connections on port 5432?

Trying to connect: try 90
Error : could not connect to server: Connection refused
	Is the server running on host "192.168.0.52" and accepting
	TCP/IP connections on port 5432?

Trying to connect: try 91
Error : could not connect to server: Connection refused
	Is the server running on host "192.168.0.52" and accepting
	TCP/IP connections on port 5432?

Trying to connect: try 92
Error : could not connect to server: Connection refused
	Is the server running on host "192.168.0.52" and accepting
	TCP/IP connections on port 5432?

Trying to connect: try 93
Error : could not connect to server: Connection refused
	Is the server running on host "192.168.0.52" and accepting
	TCP/IP connections on port 5432?

Trying to connect: try 94
Error : could not connect to server: Connection refused
	Is the server running on host "192.168.0.52" and accepting
	TCP/IP connections on port 5432?

Trying to connect: try 95
Error : could not connect to server: Connection refused
	Is the server running on host "192.168.0.52" and accepting
	TCP/IP connections on port 5432?

Trying to connect: try 96
Error : could not connect to server: Connection refused
	Is the server running on host "192.168.0.52" and accepting
	TCP/IP connections on port 5432?

Trying to connect: try 97
Error : could not connect to server: Connection refused
	Is the server running on host "192.168.0.52" and accepting
	TCP/IP connections on port 5432?

Trying to connect: try 98
Error : could not connect to server: Connection refused
	Is the server running on host "192.168.0.52" and accepting
	TCP/IP connections on port 5432?

Trying to connect: try 99
Error : could not connect to server: Connection refused
	Is the server running on host "192.168.0.52" and accepting
	TCP/IP connections on port 5432?

Trying to connect: try 100
Error : could not connect to server: Connection refused
	Is the server running on host "192.168.0.52" and accepting
	TCP/IP connections on port 5432?

Trying to connect: try 101
Error : could not connect to server: Connection refused
	Is the server running on host "192.168.0.52" and accepting
	TCP/IP connections on port 5432?

Error in postgres_connector() : Database connection failed
Calls: runApp ... eval -> eval -> ..stacktraceon.. -> postgres_connector
Execution halted

