su: ignoring --preserve-environment, it's mutually exclusive with --login

Attaching package: ‘shinydashboard’

The following object is masked from ‘package:graphics’:

    box

Loading required package: tidyverse
── Attaching packages ─────────────────────────────────────── tidyverse 1.3.0 ──
✔ ggplot2 3.3.0     ✔ purrr   0.3.4
✔ tibble  3.0.1     ✔ dplyr   0.8.5
✔ tidyr   1.0.3     ✔ stringr 1.4.0
✔ readr   1.3.1     ✔ forcats 0.5.0
── Conflicts ────────────────────────────────────────── tidyverse_conflicts() ──
✖ dplyr::filter() masks stats::filter()
✖ dplyr::lag()    masks stats::lag()
Loading required package: reticulate
Loading required package: RPostgres
Loading required package: DBI
Loading required package: glue

Attaching package: ‘glue’

The following object is masked from ‘package:dplyr’:

    collapse

Loading required package: fs
Loading required package: dbplyr

Attaching package: ‘dbplyr’

The following objects are masked from ‘package:dplyr’:

    ident, sql

Loading required package: rvest
Loading required package: xml2

Attaching package: ‘rvest’

The following object is masked from ‘package:purrr’:

    pluck

The following object is masked from ‘package:readr’:

    guess_encoding

Loading required package: lubridate

Attaching package: ‘lubridate’

The following objects are masked from ‘package:dplyr’:

    intersect, setdiff, union

The following objects are masked from ‘package:base’:

    date, intersect, setdiff, union

Loading required package: tidytext
Loading required package: jsonlite

Attaching package: ‘jsonlite’

The following object is masked from ‘package:purrr’:

    flatten

The following object is masked from ‘package:shiny’:

    validate

Loading required package: tictoc
Loading required package: elasticsearchr

Attaching package: ‘scales’

The following object is masked from ‘package:purrr’:

    discard

The following object is masked from ‘package:readr’:

    col_factor

First attempt at connection

Listening on http://127.0.0.1:46877
First attempt at connection
Applying predicate on the first 100 rows
First attempt at connection
Applying predicate on the first 100 rows
First attempt at connection
Applying predicate on the first 100 rows

